2024-01-07 12:13:36 info: [0mGET /api-docs/ [36m304[0m 6.972 ms - -[0m
2024-01-07 12:13:36 info: [0mGET /api-docs/swagger-ui.css [36m304[0m 4.295 ms - -[0m
2024-01-07 12:13:36 info: [0mGET /api-docs/swagger-ui-standalone-preset.js [36m304[0m 3.229 ms - -[0m
2024-01-07 12:13:36 info: [0mGET /api-docs/swagger-ui-bundle.js [36m304[0m 4.290 ms - -[0m
2024-01-07 12:13:36 info: [0mGET /api-docs/swagger-ui-init.js [36m304[0m 0.647 ms - -[0m
2024-01-07 12:13:47 info: [0mGET /api-docs/ [36m304[0m 0.893 ms - -[0m
2024-01-07 12:13:47 info: [0mGET /api-docs/swagger-ui.css [36m304[0m 1.263 ms - -[0m
2024-01-07 12:13:47 info: [0mGET /api-docs/swagger-ui-bundle.js [36m304[0m 2.301 ms - -[0m
2024-01-07 12:13:47 info: [0mGET /api-docs/swagger-ui-standalone-preset.js [36m304[0m 2.216 ms - -[0m
2024-01-07 12:13:47 info: [0mGET /api-docs/swagger-ui-init.js [36m304[0m 0.575 ms - -[0m
2024-01-07 12:13:54 info: [0mGET /auth/signin [33m404[0m 19.424 ms - -[0m
2024-01-07 12:14:10 info: [0mGET /auth/test [33m404[0m 1.272 ms - -[0m
2024-01-07 12:14:37 info: [0mGET /api/v1/auth/test [32m200[0m 1.140 ms - -[0m
2024-01-07 12:14:52 info: [0mGET /api/v1/auth/signin [33m404[0m 1.952 ms - -[0m
2024-01-07 12:14:52 info: [0mGET /api/v1/auth/signin [33m404[0m 0.728 ms - -[0m
2024-01-07 12:15:03 info: [0mGET /api/v1/auth/signup [33m404[0m 1.357 ms - -[0m
2024-01-07 12:15:54 info: [0mGET /api/v1/auth/signin [33m404[0m 9.835 ms - -[0m
2024-01-07 12:15:54 info: [0mGET /api/v1/auth/signin [33m404[0m 1.600 ms - -[0m
2024-01-07 12:16:13 info: [0mGET /api/v1/auth/test [32m200[0m 1.328 ms - -[0m
2024-01-07 12:16:18 info: [0mGET /api/v1/auth/signin [33m404[0m 1.663 ms - -[0m
2024-01-07 12:16:19 info: [0mGET /api/v1/auth/signin [33m404[0m 0.711 ms - -[0m
2024-01-07 12:49:42 info: [0mGET /api/v1/auth/signin [33m404[0m 7.117 ms - -[0m
2024-01-07 12:50:05 info: [0mGET /signin [33m404[0m 2.913 ms - -[0m
2024-01-07 12:50:11 info: [0mGET /test [33m404[0m 2.771 ms - -[0m
2024-01-07 12:50:40 info: [0mGET /signin [33m404[0m 7.390 ms - -[0m
2024-01-07 12:50:45 info: [0mGET /signup [33m404[0m 0.774 ms - -[0m
2024-01-07 12:51:20 info: [0mGET /test [32m200[0m 3.053 ms - 52[0m
2024-01-07 13:00:37 info: [0mGET /signin [33m404[0m 11.069 ms - -[0m
2024-01-07 13:04:44 info: [0mGET / [32m200[0m 2.088 ms - 115[0m
2024-01-07 13:16:14 info: [0mGET / [32m200[0m 3.274 ms - 115[0m
